c:\users\sum1\projects\story\story\story\debug\vc142.pdb
c:\users\sum1\projects\story\story\story\debug\vc142.idb
c:\users\sum1\projects\story\story\story\debug\story.obj
c:\users\sum1\projects\story\story\story\debug\story.ilk
c:\users\sum1\projects\story\story\debug\story.exe
c:\users\sum1\projects\story\story\debug\story.pdb
c:\users\sum1\projects\story\story\story\debug\resource.res
c:\users\sum1\projects\storyapp\story\debug\story.obj
c:\users\sum1\projects\storyapp\story\debug\story.ilk
c:\users\sum1\projects\storyapp\story\debug\resource.res
c:\users\sum1\projects\storyapp\story\debug\vc142.idb
c:\users\sum1\projects\storyapp\story\debug\vc142.pdb
c:\users\sum1\projects\storyapp\debug\story.pdb
c:\users\sum1\projects\storyapp\debug\story.exe
c:\users\sum1\projects\storyapp\story\debug\story.tlog\cl.command.1.tlog
c:\users\sum1\projects\storyapp\story\debug\story.tlog\cl.read.1.tlog
c:\users\sum1\projects\storyapp\story\debug\story.tlog\cl.write.1.tlog
c:\users\sum1\projects\storyapp\story\debug\story.tlog\link.command.1.tlog
c:\users\sum1\projects\storyapp\story\debug\story.tlog\link.read.1.tlog
c:\users\sum1\projects\storyapp\story\debug\story.tlog\link.write.1.tlog
c:\users\sum1\projects\storyapp\story\debug\story.tlog\rc.command.1.tlog
c:\users\sum1\projects\storyapp\story\debug\story.tlog\rc.read.1.tlog
c:\users\sum1\projects\storyapp\story\debug\story.tlog\rc.write.1.tlog
